2019-09-11 18:40:40 INFO  TestBase:26 - creditMantriTestCases.BokenLinksTestTest is started
2019-09-11 18:41:03 INFO  TestBase:65 - Total number of links found : 233
2019-09-11 18:41:06 INFO  TestBase:71 - URL: https://www.facebook.com/CreditMantri --> returned OK --> Response code-200
2019-09-11 18:41:07 INFO  TestBase:71 - URL: https://www.linkedin.com/company/3247609 --> returned Request denied --> Response code-999
2019-09-11 18:41:08 INFO  TestBase:71 - URL: https://twitter.com/CreditMantri --> returned OK --> Response code-200
2019-09-11 18:41:11 INFO  TestBase:71 - URL: https://qa-cmol1.creditmantri.in/#mm-2 --> returned OK --> Response code-200
2019-09-11 18:41:12 INFO  TestBase:71 - URL: https://qa-cmol1.creditmantri.in/# --> returned OK --> Response code-200
2019-09-11 18:41:15 INFO  TestBase:71 - URL: https://qa-cmol1.creditmantri.in/personal-loan/ --> returned OK --> Response code-200
2019-09-11 18:41:17 INFO  TestBase:71 - URL: https://qa-cmol1.creditmantri.in/home-loan/ --> returned OK --> Response code-200
2019-09-11 18:41:19 INFO  TestBase:71 - URL: https://qa-cmol1.creditmantri.in/auto-loan/ --> returned OK --> Response code-200
2019-09-11 18:41:21 INFO  TestBase:71 - URL: https://qa-cmol1.creditmantri.in/gold-loan/ --> returned OK --> Response code-200
2019-09-11 18:41:24 INFO  TestBase:71 - URL: https://qa-cmol1.creditmantri.in/loan-against-property/ --> returned OK --> Response code-200
2019-09-11 18:41:26 INFO  TestBase:71 - URL: https://qa-cmol1.creditmantri.in/business-loan/ --> returned OK --> Response code-200
2019-09-11 18:41:28 INFO  TestBase:71 - URL: https://qa-cmol1.creditmantri.in/education-loan/ --> returned OK --> Response code-200
2019-09-11 18:41:30 INFO  TestBase:71 - URL: https://qa-cmol1.creditmantri.in/two-wheeler-loan/ --> returned OK --> Response code-200
2019-09-11 18:41:33 INFO  TestBase:71 - URL: https://qa-cmol1.creditmantri.in/short-term-loan/ --> returned OK --> Response code-200
2019-09-11 18:41:35 INFO  TestBase:71 - URL: https://qa-cmol1.creditmantri.in/home-loan-balance-transfer/ --> returned OK --> Response code-200
2019-09-11 18:41:37 INFO  TestBase:71 - URL: https://qa-cmol1.creditmantri.in/car-loan/ --> returned OK --> Response code-200
2019-09-11 18:41:39 INFO  TestBase:71 - URL: https://qa-cmol1.creditmantri.in/line-of-credit/ --> returned OK --> Response code-200
2019-09-11 18:41:42 INFO  TestBase:71 - URL: https://qa-cmol1.creditmantri.in/shopping-loan/ --> returned OK --> Response code-200
2019-09-11 18:41:45 INFO  TestBase:71 - URL: https://qa-cmol1.creditmantri.in/credit-card/ --> returned OK --> Response code-200
2019-09-11 18:41:46 INFO  TestBase:71 - URL: https://qa-cmol1.creditmantri.in/#mm-3 --> returned OK --> Response code-200
2019-09-11 18:41:48 INFO  TestBase:71 - URL: https://qa-cmol1.creditmantri.in/# --> returned OK --> Response code-200
2019-09-11 18:41:50 INFO  TestBase:71 - URL: https://qa-cmol1.creditmantri.in/credit-score/ --> returned OK --> Response code-200
2019-09-11 18:41:51 INFO  TestBase:71 - URL: https://qa-cmol1.creditmantri.in/clear-past-dues/ --> returned OK --> Response code-200
2019-09-11 18:41:53 INFO  TestBase:71 - URL: https://qa-cmol1.creditmantri.in/credit-products/ --> returned OK --> Response code-200
2019-09-11 18:41:55 INFO  TestBase:71 - URL: https://qa-cmol1.creditmantri.in/first-time-borrower/ --> returned OK --> Response code-200
2019-09-11 18:41:57 INFO  TestBase:71 - URL: https://qa-cmol1.creditmantri.in/#mm-4 --> returned OK --> Response code-200
2019-09-11 18:41:58 INFO  TestBase:71 - URL: https://qa-cmol1.creditmantri.in/community/ --> returned OK --> Response code-200
2019-09-11 18:42:00 INFO  TestBase:71 - URL: https://qa-cmol1.creditmantri.in/#mm-5 --> returned OK --> Response code-200
2019-09-11 18:42:01 INFO  TestBase:71 - URL: https://qa-cmol1.creditmantri.in/resource/ --> returned OK --> Response code-200
2019-09-11 18:42:03 INFO  TestBase:71 - URL: https://qa-cmol1.creditmantri.in/business-loan-campaign/ --> returned OK --> Response code-200
2019-09-11 18:42:06 INFO  TestBase:71 - URL: https://qa-cmol1.creditmantri.in/credit-card-customer-care/ --> returned OK --> Response code-200
2019-09-11 18:42:10 INFO  TestBase:71 - URL: https://qa-cmol1.creditmantri.in/personal-loan-customer-care/ --> returned OK --> Response code-200
2019-09-11 18:42:14 INFO  TestBase:71 - URL: https://qa-cmol1.creditmantri.in/home-loan-customer-care/ --> returned OK --> Response code-200
2019-09-11 18:42:17 INFO  TestBase:71 - URL: https://qa-cmol1.creditmantri.in/fixed-deposit-rate/ --> returned OK --> Response code-200
2019-09-11 18:42:20 INFO  TestBase:71 - URL: https://qa-cmol1.creditmantri.in/recurring-deposit-rate/ --> returned OK --> Response code-200
2019-09-11 18:42:24 INFO  TestBase:71 - URL: https://qa-cmol1.creditmantri.in/personal-loan-eligibility/ --> returned OK --> Response code-200
2019-09-11 18:42:25 INFO  TestBase:71 - URL: https://qa-cmol1.creditmantri.in/forex-rate/ --> returned OK --> Response code-200
2019-09-11 18:42:28 INFO  TestBase:71 - URL: https://qa-cmol1.creditmantri.in/savings-account/ --> returned OK --> Response code-200
2019-09-11 18:42:31 INFO  TestBase:71 - URL: https://qa-cmol1.creditmantri.in/personal-loan-interest-rate/ --> returned OK --> Response code-200
2019-09-11 18:42:35 INFO  TestBase:71 - URL: https://qa-cmol1.creditmantri.in/credit-card-bill-payment/ --> returned OK --> Response code-200
2019-09-11 18:42:38 INFO  TestBase:71 - URL: https://qa-cmol1.creditmantri.in/credit-balance-check/ --> returned OK --> Response code-200
2019-09-11 18:42:42 INFO  TestBase:71 - URL: https://qa-cmol1.creditmantri.in/home-loan-interest-rate/ --> returned OK --> Response code-200
2019-09-11 18:42:45 INFO  TestBase:71 - URL: https://qa-cmol1.creditmantri.in/gold-rate/ --> returned OK --> Response code-200
2019-09-11 18:42:48 INFO  TestBase:71 - URL: https://qa-cmol1.creditmantri.in/silver-rate/ --> returned OK --> Response code-200
2019-09-11 18:42:51 INFO  TestBase:71 - URL: https://qa-cmol1.creditmantri.in/diesel-price/ --> returned OK --> Response code-200
2019-09-11 18:42:55 INFO  TestBase:71 - URL: https://qa-cmol1.creditmantri.in/petrol-price/ --> returned OK --> Response code-200
2019-09-11 18:42:58 INFO  TestBase:71 - URL: https://qa-cmol1.creditmantri.in/ifsc-code/ --> returned OK --> Response code-200
2019-09-11 18:43:00 INFO  TestBase:71 - URL: https://qa-cmol1.creditmantri.in/calculators/ --> returned OK --> Response code-200
2019-09-11 18:43:04 INFO  TestBase:71 - URL: https://qa-cmol1.creditmantri.in/credit-card-eligibility/ --> returned OK --> Response code-200
2019-09-11 18:43:07 INFO  TestBase:71 - URL: https://qa-cmol1.creditmantri.in/home-loan-rejection/ --> returned OK --> Response code-200
2019-09-11 18:43:10 INFO  TestBase:71 - URL: https://qa-cmol1.creditmantri.in/personal-loan-rejection/ --> returned OK --> Response code-200
2019-09-11 18:43:14 INFO  TestBase:71 - URL: https://qa-cmol1.creditmantri.in/credit-card-rejection/ --> returned OK --> Response code-200
2019-09-11 18:43:17 INFO  TestBase:71 - URL: https://qa-cmol1.creditmantri.in/credit-card-status/ --> returned OK --> Response code-200
2019-09-11 18:43:20 INFO  TestBase:71 - URL: https://qa-cmol1.creditmantri.in/business-loan-interest-rates/ --> returned OK --> Response code-200
2019-09-11 18:43:24 INFO  TestBase:71 - URL: https://qa-cmol1.creditmantri.in/personal-loan-status/ --> returned OK --> Response code-200
2019-09-11 18:43:27 INFO  TestBase:71 - URL: https://qa-cmol1.creditmantri.in/home-loan-status/ --> returned OK --> Response code-200
2019-09-11 18:43:29 INFO  TestBase:71 - URL: https://qa-cmol1.creditmantri.in/personal-loan-emi-calculator-online/ --> returned OK --> Response code-200
2019-09-11 18:43:31 INFO  TestBase:71 - URL: https://qa-cmol1.creditmantri.in/home-loan-emi-calculator-online/ --> returned OK --> Response code-200
2019-09-11 18:43:34 INFO  TestBase:71 - URL: https://qa-cmol1.creditmantri.in/nri-home-loan/ --> returned OK --> Response code-200
2019-09-11 18:43:37 INFO  TestBase:71 - URL: https://qa-cmol1.creditmantri.in/microfinance/ --> returned OK --> Response code-200
2019-09-11 18:43:40 INFO  TestBase:71 - URL: https://qa-cmol1.creditmantri.in/credit-card-balance-transfer/ --> returned OK --> Response code-200
2019-09-11 18:43:44 INFO  TestBase:71 - URL: https://qa-cmol1.creditmantri.in/plot-loan/ --> returned OK --> Response code-200
2019-09-11 18:43:47 INFO  TestBase:71 - URL: https://qa-cmol1.creditmantri.in/car-finance/ --> returned OK --> Response code-200
2019-09-11 18:43:51 INFO  TestBase:71 - URL: https://qa-cmol1.creditmantri.in/car-loan-emi-calculator/ --> returned OK --> Response code-200
2019-09-11 18:43:55 INFO  TestBase:71 - URL: https://qa-cmol1.creditmantri.in/home-loan-scheme/ --> returned OK --> Response code-200
2019-09-11 18:43:58 INFO  TestBase:71 - URL: https://qa-cmol1.creditmantri.in/car-loan-customer-care/ --> returned OK --> Response code-200
2019-09-11 18:44:01 INFO  TestBase:71 - URL: https://qa-cmol1.creditmantri.in/credit-card-reward-points/ --> returned OK --> Response code-200
2019-09-11 18:44:04 INFO  TestBase:71 - URL: https://qa-cmol1.creditmantri.in/credit-card-offers/ --> returned OK --> Response code-200
2019-09-11 18:44:07 INFO  TestBase:71 - URL: https://qa-cmol1.creditmantri.in/mutual-funds/ --> returned OK --> Response code-200
2019-09-11 18:44:11 INFO  TestBase:71 - URL: https://qa-cmol1.creditmantri.in/car-loan-eligibility/ --> returned OK --> Response code-200
2019-09-11 18:44:14 INFO  TestBase:71 - URL: https://qa-cmol1.creditmantri.in/debit-card/ --> returned OK --> Response code-200
2019-09-11 18:44:16 INFO  TestBase:71 - URL: https://qa-cmol1.creditmantri.in/personal-loan-types/ --> returned OK --> Response code-200
2019-09-11 18:44:27 INFO  TestBase:71 - URL: https://qa-cmol1.creditmantri.in/forum/ --> returned OK --> Response code-200
2019-09-11 18:44:46 INFO  TestBase:71 - URL: https://qa-cmol1.creditmantri.in/article/ --> returned OK --> Response code-200
2019-09-11 18:44:51 INFO  TestBase:71 - URL: https://qa-cmol1.creditmantri.in/blog/ --> returned OK --> Response code-200
2019-09-11 18:44:52 INFO  TestBase:71 - URL: https://qa-cmol1.creditmantri.in/testimonial/ --> returned OK --> Response code-200
2019-09-11 18:44:53 INFO  TestBase:71 - URL: https://qa-cmol1.creditmantri.in/faq/ --> returned OK --> Response code-200
2019-09-11 18:44:55 INFO  TestBase:71 - URL: https://qa-cmol1.creditmantri.in/#contact --> returned OK --> Response code-200
2019-09-11 18:44:56 INFO  TestBase:71 - URL: https://qa-cmol1.creditmantri.in/#mm-6 --> returned OK --> Response code-200
2019-09-11 18:44:58 INFO  TestBase:71 - URL: https://qa-cmol1.creditmantri.in/# --> returned OK --> Response code-200
2019-09-11 18:44:59 INFO  TestBase:71 - URL: https://qa-cmol1.creditmantri.in/about-us/ --> returned OK --> Response code-200
2019-09-11 18:45:01 INFO  TestBase:71 - URL: https://qa-cmol1.creditmantri.in/lender-join-us/ --> returned OK --> Response code-200
2019-09-11 18:45:02 INFO  TestBase:71 - URL: https://qa-cmol1.creditmantri.in/career/ --> returned OK --> Response code-200
2019-09-11 18:45:03 INFO  TestBase:71 - URL: https://qa-cmol1.creditmantri.in/# --> returned OK --> Response code-200
2019-09-11 18:45:05 INFO  TestBase:71 - URL: https://qa-cmol1.creditmantri.in/# --> returned OK --> Response code-200
2019-09-11 18:45:06 INFO  TestBase:71 - URL: https://qa-cmol1.creditmantri.in/ --> returned OK --> Response code-200
2019-09-11 18:45:08 INFO  TestBase:71 - URL: https://qa-cmol1.creditmantri.in/credit-score/ --> returned OK --> Response code-200
2019-09-11 18:45:10 INFO  TestBase:71 - URL: https://qa-cmol1.creditmantri.in/credit-card/ --> returned OK --> Response code-200
2019-09-11 18:45:12 INFO  TestBase:71 - URL: https://qa-cmol1.creditmantri.in/loan/ --> returned OK --> Response code-200
2019-09-11 18:45:14 INFO  TestBase:71 - URL: https://qa-cmol1.creditmantri.in/personal-loan/ --> returned OK --> Response code-200
2019-09-11 18:45:16 INFO  TestBase:71 - URL: https://qa-cmol1.creditmantri.in/short-term-loan/ --> returned OK --> Response code-200
2019-09-11 18:45:17 INFO  TestBase:71 - URL: https://qa-cmol1.creditmantri.in/business-loan/ --> returned OK --> Response code-200
2019-09-11 18:45:19 INFO  TestBase:71 - URL: https://qa-cmol1.creditmantri.in/line-of-credit/ --> returned OK --> Response code-200
2019-09-11 18:45:21 INFO  TestBase:71 - URL: https://qa-cmol1.creditmantri.in/shopping-loan/ --> returned OK --> Response code-200
2019-09-11 18:45:23 INFO  TestBase:71 - URL: https://qa-cmol1.creditmantri.in/gold-loan/ --> returned OK --> Response code-200
2019-09-11 18:45:25 INFO  TestBase:71 - URL: https://qa-cmol1.creditmantri.in/home-loan/ --> returned OK --> Response code-200
2019-09-11 18:45:26 INFO  TestBase:71 - URL: https://qa-cmol1.creditmantri.in/home-loan-balance-transfer/ --> returned OK --> Response code-200
2019-09-11 18:45:28 INFO  TestBase:71 - URL: https://qa-cmol1.creditmantri.in/loan-against-property/ --> returned OK --> Response code-200
2019-09-11 18:45:30 INFO  TestBase:71 - URL: https://qa-cmol1.creditmantri.in/education-loan/ --> returned OK --> Response code-200
2019-09-11 18:45:32 INFO  TestBase:71 - URL: https://qa-cmol1.creditmantri.in/auto-loan/ --> returned OK --> Response code-200
2019-09-11 18:45:34 INFO  TestBase:71 - URL: https://qa-cmol1.creditmantri.in/two-wheeler-loan/ --> returned OK --> Response code-200
2019-09-11 18:45:36 INFO  TestBase:71 - URL: https://qa-cmol1.creditmantri.in/car-loan/ --> returned OK --> Response code-200
2019-09-11 18:45:37 INFO  TestBase:71 - URL: https://qa-cmol1.creditmantri.in/community/ --> returned OK --> Response code-200
2019-09-11 18:45:55 INFO  TestBase:71 - URL: https://qa-cmol1.creditmantri.in/article/ --> returned OK --> Response code-200
2019-09-11 18:46:00 INFO  TestBase:71 - URL: https://qa-cmol1.creditmantri.in/blog/ --> returned OK --> Response code-200
2019-09-11 18:46:02 INFO  TestBase:71 - URL: https://qa-cmol1.creditmantri.in/faq/ --> returned OK --> Response code-200
2019-09-11 18:46:13 INFO  TestBase:71 - URL: https://qa-cmol1.creditmantri.in/forum/ --> returned OK --> Response code-200
2019-09-11 18:46:14 INFO  TestBase:71 - URL: https://qa-cmol1.creditmantri.in/resource/ --> returned OK --> Response code-200
2019-09-11 18:46:16 INFO  TestBase:71 - URL: https://qa-cmol1.creditmantri.in/calculators/ --> returned OK --> Response code-200
2019-09-11 18:46:18 INFO  TestBase:71 - URL: https://qa-cmol1.creditmantri.in/testimonial/ --> returned OK --> Response code-200
2019-09-11 18:46:19 INFO  TestBase:71 - URL: https://qa-cmol1.creditmantri.in/business-loan-campaign/ --> returned OK --> Response code-200
2019-09-11 18:46:21 INFO  TestBase:71 - URL: https://qa-cmol1.creditmantri.in/#hamburger-menu --> returned OK --> Response code-200
2019-09-11 18:46:22 INFO  TestBase:71 - URL: https://qa-cmol1.creditmantri.in/getstarted/?act=show_login&utm_source=home --> returned OK --> Response code-200
2019-09-11 18:46:24 INFO  TestBase:71 - URL: https://qa-cmol1.creditmantri.in/getstarted/?act=register&utm_source=home --> returned OK --> Response code-200
2019-09-11 18:46:26 INFO  TestBase:71 - URL: https://qa-cmol1.creditmantri.in/getstarted/?act=show_login&utm_term=needHelp --> returned OK --> Response code-200
2019-09-11 18:46:28 INFO  TestBase:71 - URL: https://qa-cmol1.creditmantri.in/credit-products/ --> returned OK --> Response code-200
2019-09-11 18:46:29 INFO  TestBase:71 - URL: https://qa-cmol1.creditmantri.in/clear-past-dues/ --> returned OK --> Response code-200
2019-09-11 18:46:30 INFO  TestBase:71 - URL: https://qa-cmol1.creditmantri.in/first-time-borrower/ --> returned OK --> Response code-200
2019-09-11 18:46:32 INFO  TestBase:71 - URL: https://qa-cmol1.creditmantri.in/# --> returned OK --> Response code-200
2019-09-11 18:46:35 INFO  TestBase:71 - URL: https://qa-cmol1.creditmantri.in/offers/1/0/?utm_source=pre-login-home-icon --> returned OK --> Response code-200
2019-09-11 18:46:37 INFO  TestBase:71 - URL: https://qa-cmol1.creditmantri.in/offers/2/0/?utm_source=pre-login-home-icon --> returned OK --> Response code-200
2019-09-11 18:46:39 INFO  TestBase:71 - URL: https://qa-cmol1.creditmantri.in/offers/3/0/?utm_source=pre-login-home-icon --> returned OK --> Response code-200
2019-09-11 18:46:42 INFO  TestBase:71 - URL: https://qa-cmol1.creditmantri.in/offers/52/0/?utm_source=pre-login-home-icon --> returned OK --> Response code-200
2019-09-11 18:46:44 INFO  TestBase:71 - URL: https://qa-cmol1.creditmantri.in/offers/21/0/?utm_source=pre-login-home-icon --> returned OK --> Response code-200
2019-09-11 18:46:47 INFO  TestBase:71 - URL: https://qa-cmol1.creditmantri.in/offers/23/0/?utm_source=pre-login-home-icon --> returned OK --> Response code-200
2019-09-11 18:46:48 INFO  TestBase:71 - URL: https://qa-cmol1.creditmantri.in/getstarted/?utm_source=home&utm_content=check-credit-score-home-1&utm_medium=CM --> returned OK --> Response code-200
2019-09-11 18:46:50 INFO  TestBase:71 - URL: https://qa-cmol1.creditmantri.in/#credit-info-1 --> returned OK --> Response code-200
2019-09-11 18:46:52 INFO  TestBase:71 - URL: https://qa-cmol1.creditmantri.in/what-is-a-good-credit-score/ --> returned OK --> Response code-200
2019-09-11 18:46:53 INFO  TestBase:71 - URL: https://qa-cmol1.creditmantri.in/#credit-info-3 --> returned OK --> Response code-200
2019-09-11 18:46:54 INFO  TestBase:71 - URL: https://qa-cmol1.creditmantri.in/#credit-info-4 --> returned OK --> Response code-200
2019-09-11 18:46:56 INFO  TestBase:71 - URL: https://qa-cmol1.creditmantri.in/what-is-credit-score-credit-rating/ --> returned OK --> Response code-200
2019-09-11 18:46:57 INFO  TestBase:71 - URL: https://qa-cmol1.creditmantri.in/#credit-info-5 --> returned OK --> Response code-200
2019-09-11 18:46:59 INFO  TestBase:71 - URL: https://qa-cmol1.creditmantri.in/article-how-can-i-improve-my-credit-score/ --> returned OK --> Response code-200
2019-09-11 18:47:01 INFO  TestBase:71 - URL: https://qa-cmol1.creditmantri.in/#credit-info-6 --> returned OK --> Response code-200
2019-09-11 18:47:02 INFO  TestBase:71 - URL: https://qa-cmol1.creditmantri.in/free-credit-score-analysis-online/ --> returned OK --> Response code-200
2019-09-11 18:47:04 INFO  TestBase:71 - URL: https://qa-cmol1.creditmantri.in/#credit-info-7 --> returned OK --> Response code-200
